<?xml version="1.0" encoding="UTF-8"?>
<!-- Generated by org.testng.reporters.JUnitReportReporter -->
<testsuite hostname="MacBook-Pro-de-David.local" failures="0" tests="1" name="com.thiago.teste.GoogleSearchTest" time="6.847" errors="0" timestamp="18 abr 2020 14:01:54 GMT" skipped="0">
  <testcase classname="com.thiago.teste.GoogleSearchTest" name="testLoginPage" time="6.847"/>
</testsuite> <!-- com.thiago.teste.GoogleSearchTest -->
