<?xml version="1.0" encoding="UTF-8"?>
<!-- Generated by org.testng.reporters.JUnitReportReporter -->
<testsuite hostname="MacBook-Pro-de-David.local" failures="0" tests="1" name="com.thiago.teste.DemoLoginTest" time="9.201" errors="0" timestamp="18 abr 2020 18:59:33 GMT" skipped="0">
  <testcase classname="com.thiago.teste.DemoLoginTest" name="testLoginPage" time="9.201"/>
</testsuite> <!-- com.thiago.teste.DemoLoginTest -->
