<?xml version="1.0" encoding="UTF-8"?>
<!-- Generated by org.testng.reporters.JUnitReportReporter -->
<testsuite hostname="MacBook-Pro-de-David.local" failures="0" tests="1" name="com.thiago.teste.DemoRegisterTest" time="6.870" errors="0" timestamp="18 abr 2020 19:16:07 GMT" skipped="0">
  <testcase classname="com.thiago.teste.DemoRegisterTest" name="teste" time="6.870"/>
</testsuite> <!-- com.thiago.teste.DemoRegisterTest -->
